nohup: ignoring input
model.safetensors:   0%|          | 0.00/181M [00:00<?, ?B/s]model.safetensors:  12%|â–ˆâ–        | 21.0M/181M [00:00<00:01, 145MB/s]model.safetensors:  29%|â–ˆâ–ˆâ–‰       | 52.4M/181M [00:00<00:00, 184MB/s]model.safetensors:  40%|â–ˆâ–ˆâ–ˆâ–ˆ      | 73.4M/181M [00:00<00:00, 192MB/s]model.safetensors:  52%|â–ˆâ–ˆâ–ˆâ–ˆâ–ˆâ–    | 94.4M/181M [00:00<00:00, 197MB/s]model.safetensors:  64%|â–ˆâ–ˆâ–ˆâ–ˆâ–ˆâ–ˆâ–Ž   | 115M/181M [00:00<00:00, 200MB/s] model.safetensors:  81%|â–ˆâ–ˆâ–ˆâ–ˆâ–ˆâ–ˆâ–ˆâ–ˆ  | 147M/181M [00:00<00:00, 204MB/s]model.safetensors:  92%|â–ˆâ–ˆâ–ˆâ–ˆâ–ˆâ–ˆâ–ˆâ–ˆâ–ˆâ–| 168M/181M [00:00<00:00, 205MB/s]model.safetensors: 100%|â–ˆâ–ˆâ–ˆâ–ˆâ–ˆâ–ˆâ–ˆâ–ˆâ–ˆâ–ˆ| 181M/181M [00:00<00:00, 196MB/s]
wandb: Currently logged in as: tahsin (vqa_tawsif). Use `wandb login --relogin` to force relogin
wandb: Tracking run with wandb version 0.16.3
wandb: Run data is saved locally in /blue/r.forghani/scripts/Lymph_Node_Segmentation/wandb/run-20240305_050235-7h3duiek
wandb: Run `wandb offline` to turn off syncing.
wandb: Syncing run SNet_fold_0
wandb: â­ï¸ View project at https://wandb.ai/vqa_tawsif/LN%20Segmentation
wandb: ðŸš€ View run at https://wandb.ai/vqa_tawsif/LN%20Segmentation/runs/7h3duiek
Unsupported operator aten::add_ encountered 45 time(s)
Unsupported operator aten::sigmoid encountered 15 time(s)
Unsupported operator aten::mul encountered 21 time(s)
Unsupported operator aten::max_pool2d encountered 2 time(s)
Unsupported operator aten::add encountered 8 time(s)
Unsupported operator aten::prelu encountered 6 time(s)
The following submodules of the model were never called during the trace of the graph. They may be unused, or they were accessed by direct calls to .forward() or via other python methods. In the latter case they will have zeros for statistics, though their statistics will still contribute to their parent calling module.
conv1x.conv2.shortcut, conv2x.1.conv.shortcut, conv4x.1.conv.shortcut, conv4xd2.0.conv.shortcut, conv4xd2.1.conv.shortcut
wandb: Network error resolved after 0:00:00.132938, resuming normal operation.
wandb: Network error resolved after 0:00:21.164088, resuming normal operation.
wandb: Network error resolved after 0:00:21.195357, resuming normal operation.
wandb: Network error resolved after 0:00:21.345662, resuming normal operation.
wandb: Network error resolved after 0:00:00.221618, resuming normal operation.
